<?xml version="1.0" encoding="UTF-8"?>
<!-- Generated by org.testng.reporters.JUnitReportReporter -->
<testsuite hostname="Leos-MacBook-Pro.local" failures="0" tests="1" name="com.example.demo.SareetaApplicationTests" time="6.854" errors="0" timestamp="2023-03-03T00:58:22 EST" skipped="0">
  <testcase classname="com.example.demo.SareetaApplicationTests" name="contextLoads" time="6.854"/>
  <system-out/>
</testsuite> <!-- com.example.demo.SareetaApplicationTests -->
