<?xml version="1.0" encoding="UTF-8"?>
<!-- Generated by org.testng.reporters.JUnitReportReporter -->
<testsuite hostname="Leos-MacBook-Pro.local" failures="0" tests="1" name="com.example.demo.SareetaApplicationTests" time="4.895" errors="0" timestamp="2023-03-03T05:03:07 EST" skipped="0">
  <testcase classname="com.example.demo.SareetaApplicationTests" name="contextLoads" time="4.895"/>
  <system-out/>
</testsuite> <!-- com.example.demo.SareetaApplicationTests -->
